IQ-TREE multicore version 1.6.12 for Linux 64-bit built Jul  3 2022
Developed by Bui Quang Minh, Nguyen Lam Tung, Olga Chernomor,
Heiko Schmidt, Dominik Schrempf, Michael Woodhams.

Host:    ip-192-168-1-101.eu-west-1.compute.internal (AVX512, FMA3, 184 GB RAM)
Command: iqtree -s 50_genes.fa -m MF -mset LG+F+G,WAG+F+G,JTT+F+G,GTR20 -madd LG+C20+F+G,LG+C10+F+G,LG+C30+F+G,LG+C40+F+G,LG+C50+F+G,LG+C60+F+G,C10,C20,C30,C40,C50,C60,EX2,EX3,EHO,LG4M,LG4X -nt 8 -redo
Seed:    831360 (Using SPRNG - Scalable Parallel Random Number Generator)
Time:    Thu Jul  7 08:01:38 2022
Kernel:  AVX+FMA - 8 threads (96 CPU cores detected)

Reading alignment file 50_genes.fa ... Fasta format detected
Alignment most likely contains protein sequences
Alignment has 16 sequences with 11259 columns, 6219 distinct patterns
3023 parsimony-informative, 1801 singleton sites, 6435 constant sites
                         Gap/Ambiguity  Composition  p-value
   1  UrsusArctos_Margo         44.62%    passed     96.86%
   2  UrsusArctos_Adelaide       2.19%    passed     99.74%
   3  UrsusAmericanus_Noah      18.63%    passed     60.00%
   4  UrsusAmericanus_Montana   14.56%    passed     65.53%
   5  UrsusMaritimus_Maria       6.89%    passed     99.95%
   6  UrsusMaritimus_Maripepa    4.72%    passed     87.30%
   7  Ailuropoda_Siro            7.25%    passed     97.30%
   8  Ailuropoda_Pepe           17.45%    passed     94.04%
   9  UrsusAmericanus_Oskar     62.94%    passed     97.38%
  10  Ailuropoda_Juan           55.48%    passed     44.95%
  11  Ailuropoda_Luisa          69.54%    failed      1.79%
  12  UrsusAmericanus_Summer    70.90%    passed     63.49%
  13  UrsusMaritimus_Margaret   54.83%    passed     66.82%
  14  UrsusArctos_Amparo        82.97%    passed      6.50%
  15  UrsusArctos_Paco          47.45%    passed     18.09%
  16  UrsusMaritimus_Joseph     85.88%    failed      2.00%
WARNING: 7 sequences contain more than 50% gaps/ambiguity
****  TOTAL                     40.39%  2 sequences failed composition chi2 test (p-value<5%; df=19)


Create initial parsimony tree by phylogenetic likelihood library (PLL)... 0.010 seconds
NOTE: ModelFinder requires 154 MB RAM!
ModelFinder will test 121 protein models (sample size: 11259) ...
 No. Model         -LnL         df  AIC          AICc         BIC
  1  LG+F+G4       92718.243    49  185534.486   185534.923   185893.603
  2  LG+F+I+G4     92669.134    50  185438.267   185438.722   185804.713
  3  LG+F+G4       92718.243    49  185534.486   185534.923   185893.603
  4  LG+F+I+G4     92669.134    50  185438.267   185438.722   185804.713
WARNING: Both Gamma and FreeRate models were specified, continue with FreeRate model
  5  LG+F+R2       92827.966    50  185755.933   185756.388   186122.379
WARNING: Both Gamma and FreeRate models were specified, continue with FreeRate model
  6  LG+F+R3       92645.674    52  185395.349   185395.840   185776.453
WARNING: Both Gamma and FreeRate models were specified, continue with FreeRate model
  7  LG+F+R4       92643.400    54  185394.801   185395.331   185790.562
 14  LG+F+G4       92718.243    49  185534.486   185534.923   185893.603
 15  LG+F+I+G4     92669.134    50  185438.267   185438.722   185804.713
 16  LG+F+G4       92718.243    49  185534.486   185534.923   185893.603
 17  LG+F+I+G4     92669.134    50  185438.267   185438.722   185804.713
WARNING: Both Gamma and FreeRate models were specified, continue with FreeRate model
 18  LG+F+R2       92827.966    50  185755.933   185756.388   186122.379
WARNING: Both Gamma and FreeRate models were specified, continue with FreeRate model
 19  LG+F+R3       92645.674    52  185395.349   185395.840   185776.453
WARNING: Both Gamma and FreeRate models were specified, continue with FreeRate model
 20  LG+F+R4       92643.400    54  185394.801   185395.331   185790.562
 27  WAG+F+G4      93182.235    49  186462.469   186462.907   186821.587
 28  WAG+F+I+G4    93144.631    50  186389.261   186389.716   186755.707
 29  WAG+F+G4      93182.235    49  186462.469   186462.907   186821.587
 30  WAG+F+I+G4    93144.631    50  186389.261   186389.716   186755.707
WARNING: Both Gamma and FreeRate models were specified, continue with FreeRate model
 31  WAG+F+R2      93270.396    50  186640.792   186641.247   187007.238
WARNING: Both Gamma and FreeRate models were specified, continue with FreeRate model
 32  WAG+F+R3      93133.262    52  186370.524   186371.016   186751.628
WARNING: Both Gamma and FreeRate models were specified, continue with FreeRate model
 33  WAG+F+R4      93132.228    54  186372.455   186372.985   186768.217
 40  WAG+F+G4      93182.235    49  186462.469   186462.907   186821.587
 41  WAG+F+I+G4    93144.631    50  186389.261   186389.716   186755.707
 42  WAG+F+G4      93182.235    49  186462.469   186462.907   186821.587
 43  WAG+F+I+G4    93144.631    50  186389.261   186389.716   186755.707
WARNING: Both Gamma and FreeRate models were specified, continue with FreeRate model
 44  WAG+F+R2      93270.396    50  186640.792   186641.247   187007.238
WARNING: Both Gamma and FreeRate models were specified, continue with FreeRate model
 45  WAG+F+R3      93133.262    52  186370.524   186371.016   186751.628
WARNING: Both Gamma and FreeRate models were specified, continue with FreeRate model
 46  WAG+F+R4      93132.228    54  186372.455   186372.985   186768.217
 53  JTT+F+G4      93080.980    49  186259.959   186260.396   186619.076
 54  JTT+F+I+G4    93031.826    50  186163.652   186164.107   186530.098
 55  JTT+F+G4      93080.980    49  186259.959   186260.396   186619.076
 56  JTT+F+I+G4    93031.826    50  186163.652   186164.107   186530.098
WARNING: Both Gamma and FreeRate models were specified, continue with FreeRate model
 57  JTT+F+R2      93186.557    50  186473.115   186473.570   186839.561
WARNING: Both Gamma and FreeRate models were specified, continue with FreeRate model
 58  JTT+F+R3      93010.297    52  186124.594   186125.086   186505.698
WARNING: Both Gamma and FreeRate models were specified, continue with FreeRate model
 59  JTT+F+R4      93008.134    54  186124.268   186124.799   186520.030
 66  JTT+F+G4      93080.980    49  186259.959   186260.396   186619.076
 67  JTT+F+I+G4    93031.826    50  186163.652   186164.107   186530.098
 68  JTT+F+G4      93080.980    49  186259.959   186260.396   186619.076
 69  JTT+F+I+G4    93031.826    50  186163.652   186164.107   186530.098
WARNING: Both Gamma and FreeRate models were specified, continue with FreeRate model
 70  JTT+F+R2      93186.557    50  186473.115   186473.570   186839.561
WARNING: Both Gamma and FreeRate models were specified, continue with FreeRate model
 71  JTT+F+R3      93010.297    52  186124.594   186125.086   186505.698
WARNING: Both Gamma and FreeRate models were specified, continue with FreeRate model
 72  JTT+F+R4      93008.134    54  186124.268   186124.799   186520.030
WARNING: GTR20 model will estimate 189 substitution rates that might be overfitting!
WARNING: Please only use GTR20 with very large data and always test for model fit!
 79  GTR20+F       96275.142    237 193024.283   193034.519   194761.238
WARNING: GTR20 model will estimate 189 substitution rates that might be overfitting!
WARNING: Please only use GTR20 with very large data and always test for model fit!
 80  GTR20+F+I     92897.783    238 186271.565   186281.888   188015.849
WARNING: GTR20 model will estimate 189 substitution rates that might be overfitting!
WARNING: Please only use GTR20 with very large data and always test for model fit!
 81  GTR20+F+G4    92263.010    238 185002.021   185012.344   186746.304
WARNING: GTR20 model will estimate 189 substitution rates that might be overfitting!
WARNING: Please only use GTR20 with very large data and always test for model fit!
 82  GTR20+F+I+G4  92200.423    239 184878.846   184889.257   186630.459
WARNING: GTR20 model will estimate 189 substitution rates that might be overfitting!
WARNING: Please only use GTR20 with very large data and always test for model fit!
 83  GTR20+F+R2    92395.963    239 185269.926   185280.338   187021.539
WARNING: GTR20 model will estimate 189 substitution rates that might be overfitting!
WARNING: Please only use GTR20 with very large data and always test for model fit!
 84  GTR20+F+R3    92150.417    241 184782.834   184793.422   186549.105
WARNING: GTR20 model will estimate 189 substitution rates that might be overfitting!
WARNING: Please only use GTR20 with very large data and always test for model fit!
 85  GTR20+F+R4    92135.441    243 184756.881   184767.647   186537.810
WARNING: GTR20 model will estimate 189 substitution rates that might be overfitting!
WARNING: Please only use GTR20 with very large data and always test for model fit!
 86  GTR20+F+R5    92133.015    245 184756.029   184766.974   186551.615
WARNING: GTR20 model will estimate 189 substitution rates that might be overfitting!
WARNING: Please only use GTR20 with very large data and always test for model fit!
 92  GTR20+F       96275.142    237 193024.283   193034.519   194761.238
WARNING: GTR20 model will estimate 189 substitution rates that might be overfitting!
WARNING: Please only use GTR20 with very large data and always test for model fit!
 93  GTR20+F+I     92897.783    238 186271.565   186281.888   188015.849
WARNING: GTR20 model will estimate 189 substitution rates that might be overfitting!
WARNING: Please only use GTR20 with very large data and always test for model fit!
 94  GTR20+F+G4    92263.010    238 185002.021   185012.344   186746.304
WARNING: GTR20 model will estimate 189 substitution rates that might be overfitting!
WARNING: Please only use GTR20 with very large data and always test for model fit!
 95  GTR20+F+I+G4  92200.423    239 184878.846   184889.257   186630.459
WARNING: GTR20 model will estimate 189 substitution rates that might be overfitting!
WARNING: Please only use GTR20 with very large data and always test for model fit!
 96  GTR20+F+R2    92395.963    239 185269.926   185280.338   187021.539
WARNING: GTR20 model will estimate 189 substitution rates that might be overfitting!
WARNING: Please only use GTR20 with very large data and always test for model fit!
 97  GTR20+F+R3    92150.417    241 184782.834   184793.422   186549.105
WARNING: GTR20 model will estimate 189 substitution rates that might be overfitting!
WARNING: Please only use GTR20 with very large data and always test for model fit!
 98  GTR20+F+R4    92135.441    243 184756.881   184767.647   186537.810
WARNING: GTR20 model will estimate 189 substitution rates that might be overfitting!
WARNING: Please only use GTR20 with very large data and always test for model fit!
 99  GTR20+F+R5    92133.015    245 184756.029   184766.974   186551.615
Model LG+C20+F+G is alias for LG+POISSON+G+FMIX{C20pi1:1:0.0559910600,C20pi2:1:0.0514824870,C20pi3:1:0.0812922124,C20pi4:1:0.0721976867,C20pi5:1:0.0556718858,C20pi6:1:0.0331003080,C20pi7:1:0.0589501763,C20pi8:1:0.0263756889,C20pi9:1:0.0307584220,C20pi10:1:0.0376701125,C20pi11:1:0.0303058290,C20pi12:1:0.0808775576,C20pi13:1:0.0263349134,C20pi14:1:0.0579101455,C20pi15:1:0.0371248064,C20pi16:1:0.0586867766,C20pi17:1:0.0561479138,C20pi18:1:0.0349810886,C20pi19:1:0.0544937394,C20pi20:1:0.0596471901}+F+G
105  LG+C20+F+G    92182.971    69  184503.942   184504.806   185009.638
Model LG+C10+F+G is alias for LG+POISSON+G+FMIX{C10pi1:1:0.1191344178,C10pi2:1:0.0874372456,C10pi3:1:0.1037105070,C10pi4:1:0.0922584809,C10pi5:1:0.1070492801,C10pi6:1:0.1329945166,C10pi7:1:0.0538028458,C10pi8:1:0.0691986212,C10pi9:1:0.1319937434,C10pi10:1:0.1024203429}+F+G
106  LG+C10+F+G    92359.997    59  184837.993   184838.625   185270.400
Model LG+C30+F+G is alias for LG+POISSON+G+FMIX{C30pi1:1:0.0095783264,C30pi2:1:0.0248476365,C30pi3:1:0.0636309366,C30pi4:1:0.0537939225,C30pi5:1:0.0295885587,C30pi6:1:0.0117587936,C30pi7:1:0.0132013428,C30pi8:1:0.0236868805,C30pi9:1:0.0261687659,C30pi10:1:0.0239821974,C30pi11:1:0.0257100906,C30pi12:1:0.0465072425,C30pi13:1:0.0546794546,C30pi14:1:0.0536085131,C30pi15:1:0.0270622670,C30pi16:1:0.0403913593,C30pi17:1:0.0474212700,C30pi18:1:0.0458816478,C30pi19:1:0.0214036510,C30pi20:1:0.0290385981,C30pi21:1:0.0123391793,C30pi22:1:0.0569350229,C30pi23:1:0.0419687568,C30pi24:1:0.0339027062,C30pi25:1:0.0388777376,C30pi26:1:0.0196343766,C30pi27:1:0.0233086174,C30pi28:1:0.0622722654,C30pi29:1:0.0184803385,C30pi30:1:0.0203395454}+F+G
107  LG+C30+F+G    92160.797    79  184479.595   184480.725   185058.580
Model LG+C40+F+G is alias for LG+POISSON+G+FMIX{C40pi1:1:0.0223853788,C40pi2:1:0.0338891820,C40pi3:1:0.0577169375,C40pi4:1:0.0252416233,C40pi5:1:0.0108607921,C40pi6:1:0.0462373793,C40pi7:1:0.0102293175,C40pi8:1:0.0147523625,C40pi9:1:0.0143161352,C40pi10:1:0.0182302541,C40pi11:1:0.0204025079,C40pi12:1:0.0425505156,C40pi13:1:0.0248627269,C40pi14:1:0.0105892988,C40pi15:1:0.0188238725,C40pi16:1:0.0086663445,C40pi17:1:0.0148496147,C40pi18:1:0.0343037402,C40pi19:1:0.0225335203,C40pi20:1:0.0174068578,C40pi21:1:0.0112207827,C40pi22:1:0.0443532245,C40pi23:1:0.0392573370,C40pi24:1:0.0196756555,C40pi25:1:0.0287690328,C40pi26:1:0.0114441177,C40pi27:1:0.0112338740,C40pi28:1:0.0582694099,C40pi29:1:0.0444272279,C40pi30:1:0.0112010942,C40pi31:1:0.0145176111,C40pi32:1:0.0114629026,C40pi33:1:0.0239628061,C40pi34:1:0.0266266492,C40pi35:1:0.0481201159,C40pi36:1:0.0371147423,C40pi37:1:0.0160476688,C40pi38:1:0.0237249267,C40pi39:1:0.0235226203,C40pi40:1:0.0261998398}+F+G
108  LG+C40+F+G    92116.017    89  184410.034   184411.468   185062.308
Model LG+C50+F+G is alias for LG+POISSON+G+FMIX{C50pi1:1:0.0164297003,C50pi2:1:0.0273175755,C50pi3:1:0.0460247610,C50pi4:1:0.0084864734,C50pi5:1:0.0125389252,C50pi6:1:0.0343549036,C50pi7:1:0.0130241102,C50pi8:1:0.0094755681,C50pi9:1:0.0190040551,C50pi10:1:0.0151902354,C50pi11:1:0.0320534760,C50pi12:1:0.0210059850,C50pi13:1:0.0237408547,C50pi14:1:0.0239841203,C50pi15:1:0.0213748021,C50pi16:1:0.0210717705,C50pi17:1:0.0050241805,C50pi18:1:0.0166262276,C50pi19:1:0.0143945956,C50pi20:1:0.0104391130,C50pi21:1:0.0107628277,C50pi22:1:0.0148818171,C50pi23:1:0.0321480239,C50pi24:1:0.0145477978,C50pi25:1:0.0332355807,C50pi26:1:0.0143190281,C50pi27:1:0.0234478734,C50pi28:1:0.0183044983,C50pi29:1:0.0403269452,C50pi30:1:0.0135629530,C50pi31:1:0.0091880799,C50pi32:1:0.0158270022,C50pi33:1:0.0121019379,C50pi34:1:0.0353560982,C50pi35:1:0.0404495617,C50pi36:1:0.0104569232,C50pi37:1:0.0146187792,C50pi38:1:0.0093984095,C50pi39:1:0.0146773809,C50pi40:1:0.0201635562,C50pi41:1:0.0255640273,C50pi42:1:0.0039486842,C50pi43:1:0.0393652608,C50pi44:1:0.0056415419,C50pi45:1:0.0382833580,C50pi46:1:0.0039735086,C50pi47:1:0.0140269355,C50pi48:1:0.0476703673,C50pi49:1:0.0204062788,C50pi50:1:0.0117835304}+F+G
109  LG+C50+F+G    92085.397    99  184368.793   184370.568   185094.357
Model LG+C60+F+G is alias for LG+POISSON+G+FMIX{C60pi1:1:0.0169698865,C60pi2:1:0.0211683374,C60pi3:1:0.0276589079,C60pi4:1:0.0065675964,C60pi5:1:0.0141221416,C60pi6:1:0.0068774834,C60pi7:1:0.0146909701,C60pi8:1:0.0067225777,C60pi9:1:0.0018396660,C60pi10:1:0.0102547197,C60pi11:1:0.0230896163,C60pi12:1:0.0057941033,C60pi13:1:0.0125394534,C60pi14:1:0.0204526478,C60pi15:1:0.0070629602,C60pi16:1:0.0117982741,C60pi17:1:0.0068334668,C60pi18:1:0.0433775839,C60pi19:1:0.0318278731,C60pi20:1:0.0222546108,C60pi21:1:0.0102264969,C60pi22:1:0.0150545891,C60pi23:1:0.0134159878,C60pi24:1:0.0148552065,C60pi25:1:0.0239111516,C60pi26:1:0.0128776278,C60pi27:1:0.0222318842,C60pi28:1:0.0247444742,C60pi29:1:0.0214274810,C60pi30:1:0.0115001882,C60pi31:1:0.0076017389,C60pi32:1:0.0130258568,C60pi33:1:0.0093701965,C60pi34:1:0.0467194264,C60pi35:1:0.0441940314,C60pi36:1:0.0322263154,C60pi37:1:0.0402999891,C60pi38:1:0.0150234227,C60pi39:1:0.0104589903,C60pi40:1:0.0214742395,C60pi41:1:0.0154957836,C60pi42:1:0.0101789953,C60pi43:1:0.0227980379,C60pi44:1:0.0123204539,C60pi45:1:0.0066777583,C60pi46:1:0.0004150083,C60pi47:1:0.0344385130,C60pi48:1:0.0113663379,C60pi49:1:0.0127143049,C60pi50:1:0.0124323741,C60pi51:1:0.0262124415,C60pi52:1:0.0064994957,C60pi53:1:0.0103203293,C60pi54:1:0.0142463512,C60pi55:1:0.0215600067,C60pi56:1:0.0199150700,C60pi57:1:0.0038964200,C60pi58:1:0.0113448855,C60pi59:1:0.0128595846,C60pi60:1:0.0117656776}+F+G
110  LG+C60+F+G    92055.864    109 184329.728   184331.879   185128.581
Model C10 is alias for POISSON+G+FMIX{C10pi1:1:0.1191344178,C10pi2:1:0.0874372456,C10pi3:1:0.1037105070,C10pi4:1:0.0922584809,C10pi5:1:0.1070492801,C10pi6:1:0.1329945166,C10pi7:1:0.0538028458,C10pi8:1:0.0691986212,C10pi9:1:0.1319937434,C10pi10:1:0.1024203429}
111  C10           94079.972    30  188219.945   188220.110   188439.812
Model C20 is alias for POISSON+G+FMIX{C20pi1:1:0.0559910600,C20pi2:1:0.0514824870,C20pi3:1:0.0812922124,C20pi4:1:0.0721976867,C20pi5:1:0.0556718858,C20pi6:1:0.0331003080,C20pi7:1:0.0589501763,C20pi8:1:0.0263756889,C20pi9:1:0.0307584220,C20pi10:1:0.0376701125,C20pi11:1:0.0303058290,C20pi12:1:0.0808775576,C20pi13:1:0.0263349134,C20pi14:1:0.0579101455,C20pi15:1:0.0371248064,C20pi16:1:0.0586867766,C20pi17:1:0.0561479138,C20pi18:1:0.0349810886,C20pi19:1:0.0544937394,C20pi20:1:0.0596471901}
112  C20           93397.821    30  186855.643   186855.809   187075.511
Model C30 is alias for POISSON+G+FMIX{C30pi1:1:0.0095783264,C30pi2:1:0.0248476365,C30pi3:1:0.0636309366,C30pi4:1:0.0537939225,C30pi5:1:0.0295885587,C30pi6:1:0.0117587936,C30pi7:1:0.0132013428,C30pi8:1:0.0236868805,C30pi9:1:0.0261687659,C30pi10:1:0.0239821974,C30pi11:1:0.0257100906,C30pi12:1:0.0465072425,C30pi13:1:0.0546794546,C30pi14:1:0.0536085131,C30pi15:1:0.0270622670,C30pi16:1:0.0403913593,C30pi17:1:0.0474212700,C30pi18:1:0.0458816478,C30pi19:1:0.0214036510,C30pi20:1:0.0290385981,C30pi21:1:0.0123391793,C30pi22:1:0.0569350229,C30pi23:1:0.0419687568,C30pi24:1:0.0339027062,C30pi25:1:0.0388777376,C30pi26:1:0.0196343766,C30pi27:1:0.0233086174,C30pi28:1:0.0622722654,C30pi29:1:0.0184803385,C30pi30:1:0.0203395454}
113  C30           93324.808    30  186709.616   186709.782   186929.484
Model C40 is alias for POISSON+G+FMIX{C40pi1:1:0.0223853788,C40pi2:1:0.0338891820,C40pi3:1:0.0577169375,C40pi4:1:0.0252416233,C40pi5:1:0.0108607921,C40pi6:1:0.0462373793,C40pi7:1:0.0102293175,C40pi8:1:0.0147523625,C40pi9:1:0.0143161352,C40pi10:1:0.0182302541,C40pi11:1:0.0204025079,C40pi12:1:0.0425505156,C40pi13:1:0.0248627269,C40pi14:1:0.0105892988,C40pi15:1:0.0188238725,C40pi16:1:0.0086663445,C40pi17:1:0.0148496147,C40pi18:1:0.0343037402,C40pi19:1:0.0225335203,C40pi20:1:0.0174068578,C40pi21:1:0.0112207827,C40pi22:1:0.0443532245,C40pi23:1:0.0392573370,C40pi24:1:0.0196756555,C40pi25:1:0.0287690328,C40pi26:1:0.0114441177,C40pi27:1:0.0112338740,C40pi28:1:0.0582694099,C40pi29:1:0.0444272279,C40pi30:1:0.0112010942,C40pi31:1:0.0145176111,C40pi32:1:0.0114629026,C40pi33:1:0.0239628061,C40pi34:1:0.0266266492,C40pi35:1:0.0481201159,C40pi36:1:0.0371147423,C40pi37:1:0.0160476688,C40pi38:1:0.0237249267,C40pi39:1:0.0235226203,C40pi40:1:0.0261998398}
114  C40           93221.136    30  186502.273   186502.438   186722.140
Model C50 is alias for POISSON+G+FMIX{C50pi1:1:0.0164297003,C50pi2:1:0.0273175755,C50pi3:1:0.0460247610,C50pi4:1:0.0084864734,C50pi5:1:0.0125389252,C50pi6:1:0.0343549036,C50pi7:1:0.0130241102,C50pi8:1:0.0094755681,C50pi9:1:0.0190040551,C50pi10:1:0.0151902354,C50pi11:1:0.0320534760,C50pi12:1:0.0210059850,C50pi13:1:0.0237408547,C50pi14:1:0.0239841203,C50pi15:1:0.0213748021,C50pi16:1:0.0210717705,C50pi17:1:0.0050241805,C50pi18:1:0.0166262276,C50pi19:1:0.0143945956,C50pi20:1:0.0104391130,C50pi21:1:0.0107628277,C50pi22:1:0.0148818171,C50pi23:1:0.0321480239,C50pi24:1:0.0145477978,C50pi25:1:0.0332355807,C50pi26:1:0.0143190281,C50pi27:1:0.0234478734,C50pi28:1:0.0183044983,C50pi29:1:0.0403269452,C50pi30:1:0.0135629530,C50pi31:1:0.0091880799,C50pi32:1:0.0158270022,C50pi33:1:0.0121019379,C50pi34:1:0.0353560982,C50pi35:1:0.0404495617,C50pi36:1:0.0104569232,C50pi37:1:0.0146187792,C50pi38:1:0.0093984095,C50pi39:1:0.0146773809,C50pi40:1:0.0201635562,C50pi41:1:0.0255640273,C50pi42:1:0.0039486842,C50pi43:1:0.0393652608,C50pi44:1:0.0056415419,C50pi45:1:0.0382833580,C50pi46:1:0.0039735086,C50pi47:1:0.0140269355,C50pi48:1:0.0476703673,C50pi49:1:0.0204062788,C50pi50:1:0.0117835304}
115  C50           93143.643    30  186347.286   186347.451   186567.153
Model C60 is alias for POISSON+G+FMIX{C60pi1:1:0.0169698865,C60pi2:1:0.0211683374,C60pi3:1:0.0276589079,C60pi4:1:0.0065675964,C60pi5:1:0.0141221416,C60pi6:1:0.0068774834,C60pi7:1:0.0146909701,C60pi8:1:0.0067225777,C60pi9:1:0.0018396660,C60pi10:1:0.0102547197,C60pi11:1:0.0230896163,C60pi12:1:0.0057941033,C60pi13:1:0.0125394534,C60pi14:1:0.0204526478,C60pi15:1:0.0070629602,C60pi16:1:0.0117982741,C60pi17:1:0.0068334668,C60pi18:1:0.0433775839,C60pi19:1:0.0318278731,C60pi20:1:0.0222546108,C60pi21:1:0.0102264969,C60pi22:1:0.0150545891,C60pi23:1:0.0134159878,C60pi24:1:0.0148552065,C60pi25:1:0.0239111516,C60pi26:1:0.0128776278,C60pi27:1:0.0222318842,C60pi28:1:0.0247444742,C60pi29:1:0.0214274810,C60pi30:1:0.0115001882,C60pi31:1:0.0076017389,C60pi32:1:0.0130258568,C60pi33:1:0.0093701965,C60pi34:1:0.0467194264,C60pi35:1:0.0441940314,C60pi36:1:0.0322263154,C60pi37:1:0.0402999891,C60pi38:1:0.0150234227,C60pi39:1:0.0104589903,C60pi40:1:0.0214742395,C60pi41:1:0.0154957836,C60pi42:1:0.0101789953,C60pi43:1:0.0227980379,C60pi44:1:0.0123204539,C60pi45:1:0.0066777583,C60pi46:1:0.0004150083,C60pi47:1:0.0344385130,C60pi48:1:0.0113663379,C60pi49:1:0.0127143049,C60pi50:1:0.0124323741,C60pi51:1:0.0262124415,C60pi52:1:0.0064994957,C60pi53:1:0.0103203293,C60pi54:1:0.0142463512,C60pi55:1:0.0215600067,C60pi56:1:0.0199150700,C60pi57:1:0.0038964200,C60pi58:1:0.0113448855,C60pi59:1:0.0128595846,C60pi60:1:0.0117656776}
116  C60           93079.857    30  186219.714   186219.880   186439.582
Model EX2 is alias for MIX{BurEX2:0.672020808818762,ExpEX2:1.6413466609931}
117  EX2           95827.471    30  191714.943   191715.108   191934.810
Model EX3 is alias for MIX{BurEX3:0.427672756793791,IntEX3:0.837595938019774,HExEX3:1.51863631431518}
118  EX3           95458.278    31  190978.556   190978.732   191205.752
Model EHO is alias for MIX{ExtEHO:0.720274356,HelEHO:0.976798797,OthEHO:0.783109376}
119  EHO           96745.422    31  193552.844   193553.021   193780.041
Model LG4M is alias for MIX{LG4M1,LG4M2,LG4M3,LG4M4}*G4
120  LG4M          93413.700    30  186887.401   186887.566   187107.268
Model LG4X is alias for MIX{LG4X1,LG4X2,LG4X3,LG4X4}*R4
121  LG4X          92977.886    35  186025.771   186025.996   186282.284
Akaike Information Criterion:           LG+C60+F+G
Corrected Akaike Information Criterion: LG+C60+F+G
Bayesian Information Criterion:         LG+C20+F+G
Best-fit model: LG+C20+F+G chosen according to BIC

All model information printed to 50_genes.fa.model.gz
CPU time for ModelFinder: 25741.314 seconds (7h:9m:1s)
Wall-clock time for ModelFinder: 3238.357 seconds (0h:53m:58s)
Model LG+C20+F+G is alias for LG+POISSON+G+FMIX{C20pi1:1:0.0559910600,C20pi2:1:0.0514824870,C20pi3:1:0.0812922124,C20pi4:1:0.0721976867,C20pi5:1:0.0556718858,C20pi6:1:0.0331003080,C20pi7:1:0.0589501763,C20pi8:1:0.0263756889,C20pi9:1:0.0307584220,C20pi10:1:0.0376701125,C20pi11:1:0.0303058290,C20pi12:1:0.0808775576,C20pi13:1:0.0263349134,C20pi14:1:0.0579101455,C20pi15:1:0.0371248064,C20pi16:1:0.0586867766,C20pi17:1:0.0561479138,C20pi18:1:0.0349810886,C20pi19:1:0.0544937394,C20pi20:1:0.0596471901}+F+G

NOTE: 1295 MB RAM (1 GB) is required!
Estimate model parameters (epsilon = 0.010)
1. Initial log-likelihood: -93999.750
2. Current log-likelihood: -92197.799
3. Current log-likelihood: -92184.176
4. Current log-likelihood: -92183.305
5. Current log-likelihood: -92183.233
6. Current log-likelihood: -92183.213
Optimal log-likelihood: -92183.203
Mixture weights: 0.494 0.029 0.010 0.026 0.055 0.019 0.000 0.026 0.043 0.018 0.025 0.002 0.034 0.041 0.033 0.016 0.017 0.038 0.010 0.000 0.062
Gamma shape alpha: 0.320
Parameters optimization took 6 rounds (31.723 sec)
WARNING: The mixture model might be overfitting because some mixture weights are estimated close to zero
BEST SCORE FOUND : -92183.203
Total tree length: 2.169

Total number of iterations: 0
CPU time used for tree search: 0.000 sec (0h:0m:0s)
Wall-clock time used for tree search: 0.000 sec (0h:0m:0s)
Total CPU time used: 251.484 sec (0h:4m:11s)
Total wall-clock time used: 31.742 sec (0h:0m:31s)

Analysis results written to: 
  IQ-TREE report:                50_genes.fa.iqtree
  Tree used for ModelFinder:     50_genes.fa.treefile
  Screen log file:               50_genes.fa.log

Date and Time: Thu Jul  7 08:56:08 2022
