IQ-TREE multicore version 2.3.4 COVID-edition for Linux x86 64-bit built Jun 18 2024
Developed by Bui Quang Minh, James Barbetti, Nguyen Lam Tung, Olga Chernomor,
Heiko Schmidt, Dominik Schrempf, Michael Woodhams, Ly Trong Nhan, Thomas Wong

Host:    ab3501280c72 (SSE4.2, 7 GB RAM)
Command: iqtree -t ../ultrafast_bootstrap/50_genes.fa.treefile -s 50_genes.fa -m LG+C20+F+G --scfl 100 --prefix site_concordance -nt 8 -redo
Seed:    8268 (Using SPRNG - Scalable Parallel Random Number Generator)
Time:    Wed Jul  3 13:07:42 2024
Kernel:  SSE2 - 8 threads (12 CPU cores detected)

Reading alignment file 50_genes.fa ... Fasta format detected
Reading fasta file: done in 0.00479904 secs using 96.87% CPU
Alignment most likely contains protein sequences
Alignment has 8 sequences with 11259 columns, 4730 distinct patterns
2339 parsimony-informative, 2142 singleton sites, 6777 constant sites
                         Gap/Ambiguity  Composition  p-value
Analyzing sequences: done in 0.000524917 secs using 267.1% CPU
   1  UrsusArctos_Margo         44.62%    passed     95.57%
   2  UrsusArctos_Adelaide       2.19%    passed     99.93%
   3  UrsusAmericanus_Noah      18.63%    passed     87.22%
   4  UrsusAmericanus_Montana   14.56%    passed     82.20%
   5  UrsusMaritimus_Maria       6.89%    passed    100.00%
   6  UrsusMaritimus_Maripepa    4.72%    passed     87.67%
   7  Ailuropoda_Siro            7.25%    passed     97.05%
   8  Ailuropoda_Pepe           17.45%    passed     98.49%
****  TOTAL                     14.54%  0 sequences failed composition chi2 test (p-value<5%; df=19)
Reading input tree file ../ultrafast_bootstrap/50_genes.fa.treefile ...
Model LG+C20+F+G is alias for LG+POISSON+G+FMIX{C20pi1:1:0.0559910600,C20pi2:1:0.0514824870,C20pi3:1:0.0812922124,C20pi4:1:0.0721976867,C20pi5:1:0.0556718858,C20pi6:1:0.0331003080,C20pi7:1:0.0589501763,C20pi8:1:0.0263756889,C20pi9:1:0.0307584220,C20pi10:1:0.0376701125,C20pi11:1:0.0303058290,C20pi12:1:0.0808775576,C20pi13:1:0.0263349134,C20pi14:1:0.0579101455,C20pi15:1:0.0371248064,C20pi16:1:0.0586867766,C20pi17:1:0.0561479138,C20pi18:1:0.0349810886,C20pi19:1:0.0544937394,C20pi20:1:0.0596471901}+F+G

NOTE: 493 MB RAM (0 GB) is required!
Estimate model parameters (epsilon = 0.100)
1. Initial log-likelihood: -80830.831
2. Current log-likelihood: -79352.325
3. Current log-likelihood: -79340.224
4. Current log-likelihood: -79339.329
Optimal log-likelihood: -79339.284
Mixture weights: 0.622 0.025 0.006 0.023 0.049 0.020 0.058 0.016 0.021 0.000 0.018 0.000 0.031 0.027 0.022 0.012 0.021 0.027 0.000 0.000 0.001
Gamma shape alpha: 0.321
Parameters optimization took 4 rounds (7.534 sec)
WARNING: The mixture model might be overfitting because some mixture weights are estimated close to zero
Wrote distance file to... 

Do NNI search on 1 best initial trees
Finish initializing candidate tree set (1)
Current best tree score: -79339.284 / CPU time: 1.453
Number of iterations: 1
--------------------------------------------------------------------
|               OPTIMIZING CANDIDATE TREE SET                      |
--------------------------------------------------------------------
UPDATE BEST LOG-LIKELIHOOD: -79339.284
UPDATE BEST LOG-LIKELIHOOD: -79339.284
Iteration 10 / LogL: -79339.485 / Time: 0h:0m:38s
UPDATE BEST LOG-LIKELIHOOD: -79339.284
Iteration 20 / LogL: -79339.481 / Time: 0h:1m:15s
Iteration 30 / LogL: -79342.082 / Time: 0h:1m:45s (0h:4m:14s left)
Iteration 40 / LogL: -79341.171 / Time: 0h:2m:25s (0h:3m:44s left)
Iteration 50 / LogL: -79340.632 / Time: 0h:3m:3s (0h:3m:7s left)
Iteration 60 / LogL: -79339.422 / Time: 0h:3m:42s (0h:2m:30s left)
Iteration 70 / LogL: -79339.321 / Time: 0h:4m:22s (0h:1m:54s left)
Iteration 80 / LogL: -79339.620 / Time: 0h:4m:57s (0h:1m:15s left)
Iteration 90 / LogL: -79342.100 / Time: 0h:5m:33s (0h:0m:37s left)
Iteration 100 / LogL: -79343.109 / Time: 0h:6m:14s (0h:0m:0s left)
TREE SEARCH COMPLETED AFTER 101 ITERATIONS / Time: 0h:6m:19s

--------------------------------------------------------------------
|                    FINALIZING TREE SEARCH                        |
--------------------------------------------------------------------
Performs final model parameters optimization
Estimate model parameters (epsilon = 0.010)
1. Initial log-likelihood: -79339.284
2. Current log-likelihood: -79339.270
3. Current log-likelihood: -79339.257
4. Current log-likelihood: -79339.245
5. Current log-likelihood: -79339.235
Optimal log-likelihood: -79339.225
Mixture weights: 0.622 0.025 0.006 0.023 0.049 0.020 0.058 0.016 0.021 0.000 0.019 0.000 0.031 0.027 0.022 0.012 0.021 0.028 0.000 0.000 0.001
Gamma shape alpha: 0.321
Parameters optimization took 5 rounds (4.579 sec)
WARNING: The mixture model might be overfitting because some mixture weights are estimated close to zero
BEST SCORE FOUND : -79339.225
Total tree length: 1.415

Total number of iterations: 101
CPU time used for tree search: 2684.355 sec (0h:44m:44s)
Wall-clock time used for tree search: 371.530 sec (0h:6m:11s)
Total CPU time used: 2770.129 sec (0h:46m:10s)
Total wall-clock time used: 383.685 sec (0h:6m:23s)
Computing site concordance factor using likelihood...
0.460 sec
Tree with site concordance factors written to site_concordance.cf.tree
Annotated tree (best viewed in FigTree) written to site_concordance.cf.tree.nex
Tree with branch IDs written to site_concordance.cf.branch
Concordance factors per branch printed to site_concordance.cf.stat

Analysis results written to: 
  IQ-TREE report:                site_concordance.iqtree
  Maximum-likelihood tree:       site_concordance.treefile
  Screen log file:               site_concordance.log

Date and Time: Wed Jul  3 13:14:06 2024
